KotlinProject/app/build/intermediates/manifest_merge_blame_file/debug/manifest-merger-blame-debug-report.txt
1<?xml version="1.0" encoding="utf-8"?>
2<manifest xmlns:android="http://schemas.android.com/apk/res/android"
3    package="com.example.kotlinproject"
4    android:versionCode="1"
5    android:versionName="1.0" >
6
7    <uses-sdk
8        android:minSdkVersion="24"
9        android:targetSdkVersion="33" />
10
11    <uses-permission android:name="android.permission.INTERNET" />
11-->src/main/AndroidManifest.xml:5:5-67
11-->src/main/AndroidManifest.xml:5:22-64
12
13    <permission
13-->[androidx.core:core:1.12.0] AndroidManifest.xml:22:5-24:47
14        android:name="com.example.kotlinproject.DYNAMIC_RECEIVER_NOT_EXPORTED_PERMISSION"
14-->[androidx.core:core:1.12.0] AndroidManifest.xml:23:9-81
15        android:protectionLevel="signature" />
15-->[androidx.core:core:1.12.0] AndroidManifest.xml:24:9-44
16
17    <uses-permission android:name="com.example.kotlinproject.DYNAMIC_RECEIVER_NOT_EXPORTED_PERMISSION" />
17-->[androidx.core:core:1.12.0] AndroidManifest.xml:26:5-97
17-->[androidx.core:core:1.12.0] AndroidManifest.xml:26:22-94
18
19    <application
19-->src/main/AndroidManifest.xml:6:5-36:19
20        android:allowBackup="true"
20-->src/main/AndroidManifest.xml:7:9-35
21        android:appComponentFactory="androidx.core.app.CoreComponentFactory"
21-->[androidx.core:core:1.12.0] AndroidManifest.xml:28:18-86
22        android:dataExtractionRules="@xml/data_extraction_rules"
22-->src/main/AndroidManifest.xml:8:9-65
23        android:debuggable="true"
24        android:extractNativeLibs="false"
25        android:fullBackupContent="@xml/backup_rules"
25-->src/main/AndroidManifest.xml:9:9-54
26        android:icon="@mipmap/ic_launcher"
26-->src/main/AndroidManifest.xml:10:9-43
27        android:label="@string/app_name"
27-->src/main/AndroidManifest.xml:11:9-41
28        android:roundIcon="@mipmap/ic_launcher_round"
28-->src/main/AndroidManifest.xml:12:9-54
29        android:supportsRtl="true"
29-->src/main/AndroidManifest.xml:13:9-35
30        android:testOnly="true"
31        android:theme="@style/Theme.KotlinProject"
31-->src/main/AndroidManifest.xml:14:9-51
32        android:usesCleartextTraffic="true" >
32-->src/main/AndroidManifest.xml:15:9-44
33        <activity
33-->src/main/AndroidManifest.xml:17:9-19:39
34            android:name="com.example.kotlinproject.HomeScreen"
34-->src/main/AndroidManifest.xml:18:13-39
35            android:exported="true" />
35-->src/main/AndroidManifest.xml:19:13-36
36        <activity
36-->src/main/AndroidManifest.xml:20:9-22:39
37            android:name="com.example.kotlinproject.DetailScreen"
37-->src/main/AndroidManifest.xml:21:13-41
38            android:exported="true" />
38-->src/main/AndroidManifest.xml:22:13-36
39        <activity
39-->src/main/AndroidManifest.xml:23:9-32:20
40            android:name="com.example.kotlinproject.SplashScreen"
40-->src/main/AndroidManifest.xml:24:13-41
41            android:exported="true"
41-->src/main/AndroidManifest.xml:25:13-36
42            android:theme="@style/splashScreenTheme" >
42-->src/main/AndroidManifest.xml:26:13-53
43            <intent-filter>
43-->src/main/AndroidManifest.xml:27:13-31:29
44                <action android:name="android.intent.action.MAIN" />
44-->src/main/AndroidManifest.xml:28:17-69
44-->src/main/AndroidManifest.xml:28:25-66
45
46                <category android:name="android.intent.category.LAUNCHER" />
46-->src/main/AndroidManifest.xml:30:17-77
46-->src/main/AndroidManifest.xml:30:27-74
47            </intent-filter>
48        </activity>
49
50        <provider
50-->[androidx.emoji2:emoji2:1.2.0] AndroidManifest.xml:24:9-32:20
51            android:name="androidx.startup.InitializationProvider"
51-->[androidx.emoji2:emoji2:1.2.0] AndroidManifest.xml:25:13-67
52            android:authorities="com.example.kotlinproject.androidx-startup"
52-->[androidx.emoji2:emoji2:1.2.0] AndroidManifest.xml:26:13-68
53            android:exported="false" >
53-->[androidx.emoji2:emoji2:1.2.0] AndroidManifest.xml:27:13-37
54            <meta-data
54-->[androidx.emoji2:emoji2:1.2.0] AndroidManifest.xml:29:13-31:52
55                android:name="androidx.emoji2.text.EmojiCompatInitializer"
55-->[androidx.emoji2:emoji2:1.2.0] AndroidManifest.xml:30:17-75
56                android:value="androidx.startup" />
56-->[androidx.emoji2:emoji2:1.2.0] AndroidManifest.xml:31:17-49
57            <meta-data
57-->[androidx.lifecycle:lifecycle-process:2.6.2] AndroidManifest.xml:29:13-31:52
58                android:name="androidx.lifecycle.ProcessLifecycleInitializer"
58-->[androidx.lifecycle:lifecycle-process:2.6.2] AndroidManifest.xml:30:17-78
59                android:value="androidx.startup" />
59-->[androidx.lifecycle:lifecycle-process:2.6.2] AndroidManifest.xml:31:17-49
60            <meta-data
60-->[androidx.profileinstaller:profileinstaller:1.3.1] AndroidManifest.xml:29:13-31:52
61                android:name="androidx.profileinstaller.ProfileInstallerInitializer"
61-->[androidx.profileinstaller:profileinstaller:1.3.1] AndroidManifest.xml:30:17-85
62                android:value="androidx.startup" />
62-->[androidx.profileinstaller:profileinstaller:1.3.1] AndroidManifest.xml:31:17-49
63        </provider>
64
65        <uses-library
65-->[androidx.window:window:1.0.0] AndroidManifest.xml:25:9-27:40
66            android:name="androidx.window.extensions"
66-->[androidx.window:window:1.0.0] AndroidManifest.xml:26:13-54
67            android:required="false" />
67-->[androidx.window:window:1.0.0] AndroidManifest.xml:27:13-37
68        <uses-library
68-->[androidx.window:window:1.0.0] AndroidManifest.xml:28:9-30:40
69            android:name="androidx.window.sidecar"
69-->[androidx.window:window:1.0.0] AndroidManifest.xml:29:13-51
70            android:required="false" />
70-->[androidx.window:window:1.0.0] AndroidManifest.xml:30:13-37
71
72        <receiver
72-->[androidx.profileinstaller:profileinstaller:1.3.1] AndroidManifest.xml:34:9-52:20
73            android:name="androidx.profileinstaller.ProfileInstallReceiver"
73-->[androidx.profileinstaller:profileinstaller:1.3.1] AndroidManifest.xml:35:13-76
74            android:directBootAware="false"
74-->[androidx.profileinstaller:profileinstaller:1.3.1] AndroidManifest.xml:36:13-44
75            android:enabled="true"
75-->[androidx.profileinstaller:profileinstaller:1.3.1] AndroidManifest.xml:37:13-35
76            android:exported="true"
76-->[androidx.profileinstaller:profileinstaller:1.3.1] AndroidManifest.xml:38:13-36
77            android:permission="android.permission.DUMP" >
77-->[androidx.profileinstaller:profileinstaller:1.3.1] AndroidManifest.xml:39:13-57
78            <intent-filter>
78-->[androidx.profileinstaller:profileinstaller:1.3.1] AndroidManifest.xml:40:13-42:29
79                <action android:name="androidx.profileinstaller.action.INSTALL_PROFILE" />
79-->[androidx.profileinstaller:profileinstaller:1.3.1] AndroidManifest.xml:41:17-91
79-->[androidx.profileinstaller:profileinstaller:1.3.1] AndroidManifest.xml:41:25-88
80            </intent-filter>
81            <intent-filter>
81-->[androidx.profileinstaller:profileinstaller:1.3.1] AndroidManifest.xml:43:13-45:29
82                <action android:name="androidx.profileinstaller.action.SKIP_FILE" />
82-->[androidx.profileinstaller:profileinstaller:1.3.1] AndroidManifest.xml:44:17-85
82-->[androidx.profileinstaller:profileinstaller:1.3.1] AndroidManifest.xml:44:25-82
83            </intent-filter>
84            <intent-filter>
84-->[androidx.profileinstaller:profileinstaller:1.3.1] AndroidManifest.xml:46:13-48:29
85                <action android:name="androidx.profileinstaller.action.SAVE_PROFILE" />
85-->[androidx.profileinstaller:profileinstaller:1.3.1] AndroidManifest.xml:47:17-88
85-->[androidx.profileinstaller:profileinstaller:1.3.1] AndroidManifest.xml:47:25-85
86            </intent-filter>
87            <intent-filter>
87-->[androidx.profileinstaller:profileinstaller:1.3.1] AndroidManifest.xml:49:13-51:29
88                <action android:name="androidx.profileinstaller.action.BENCHMARK_OPERATION" />
88-->[androidx.profileinstaller:profileinstaller:1.3.1] AndroidManifest.xml:50:17-95
88-->[androidx.profileinstaller:profileinstaller:1.3.1] AndroidManifest.xml:50:25-92
89            </intent-filter>
90        </receiver>
91    </application>
92
93</manifest>